#
# There is insufficient memory for the Java Runtime Environment to continue.
# Native memory allocation (malloc) failed to allocate 1957296 bytes for Chunk::new
# Possible reasons:
#   The system is out of physical RAM or swap space
#   The process is running with CompressedOops enabled, and the Java Heap may be blocking the growth of the native heap
# Possible solutions:
#   Reduce memory load on the system
#   Increase physical memory or swap space
#   Check if swap backing store is full
#   Decrease Java heap size (-Xmx/-Xms)
#   Decrease number of Java threads
#   Decrease Java thread stack sizes (-Xss)
#   Set larger code cache with -XX:ReservedCodeCacheSize=
#   JVM is running with Unscaled Compressed Oops mode in which the Java heap is
#     placed in the first 4GB address space. The Java Heap base address is the
#     maximum limit for the native heap growth. Please use -XX:HeapBaseMinAddress
#     to set the Java Heap base and to place the Java Heap above 4GB virtual address.
# This output file may be truncated or incomplete.
#
#  Out of Memory Error (allocation.cpp:389), pid=363428, tid=0x00000000000578ec
#
# JRE version: OpenJDK Runtime Environment (8.0_242-b01) (build 1.8.0_242-release-1644-b01)
# Java VM: OpenJDK 64-Bit Server VM (25.242-b01 mixed mode windows-amd64 compressed oops)
# Failed to write core dump. Minidumps are not enabled by default on client versions of Windows
#

---------------  T H R E A D  ---------------

Current thread (0x0000000017de1000):  JavaThread "C2 CompilerThread1" daemon [_thread_in_native, id=358636, stack(0x0000000019940000,0x0000000019a40000)]

Stack: [0x0000000019940000,0x0000000019a40000]
[error occurred during error reporting (printing stack bounds), id 0xc0000005]

Native frames: (J=compiled Java code, j=interpreted, Vv=VM code, C=native code)


Current CompileTask:
C2:1151575 9066 %     4       org.objectweb.asm.ClassReader::readCode @ 71 (5089 bytes)


---------------  P R O C E S S  ---------------

Java Threads: ( => current thread )
  0x000000001f4c1800 JavaThread "jar transforms Thread 184" [_thread_new, id=368756, stack(0x0000000000000000,0x0000000000000000)]
  0x000000001a0b7800 JavaThread "jar transforms Thread 183" [_thread_in_native, id=372620, stack(0x000000002d510000,0x000000002d610000)]
  0x000000001c406000 JavaThread "jar transforms Thread 182" [_thread_in_native, id=372616, stack(0x000000002d410000,0x000000002d510000)]
  0x000000001c3fe800 JavaThread "jar transforms Thread 181" [_thread_in_native, id=365592, stack(0x000000002d310000,0x000000002d410000)]
  0x000000001c405000 JavaThread "jar transforms Thread 180" [_thread_in_native, id=372576, stack(0x000000002d210000,0x000000002d310000)]
  0x000000001c403800 JavaThread "jar transforms Thread 179" [_thread_in_native, id=372536, stack(0x000000002d110000,0x000000002d210000)]
  0x000000001c401800 JavaThread "jar transforms Thread 178" [_thread_in_native, id=371084, stack(0x000000002d010000,0x000000002d110000)]
  0x000000001c400800 JavaThread "jar transforms Thread 177" [_thread_in_native, id=372544, stack(0x000000002cf10000,0x000000002d010000)]
  0x000000001c403000 JavaThread "jar transforms Thread 176" [_thread_in_native, id=372540, stack(0x000000002ce10000,0x000000002cf10000)]
  0x000000001c400000 JavaThread "jar transforms Thread 175" [_thread_in_native, id=372520, stack(0x000000002cd10000,0x000000002ce10000)]
  0x000000001c402000 JavaThread "jar transforms Thread 174" [_thread_in_native, id=372512, stack(0x000000002cc10000,0x000000002cd10000)]
  0x000000001c3ff000 JavaThread "jar transforms Thread 173" [_thread_in_native, id=372496, stack(0x000000002cb10000,0x000000002cc10000)]
  0x000000001c404800 JavaThread "jar transforms Thread 172" [_thread_in_native, id=372400, stack(0x000000002ca10000,0x000000002cb10000)]
  0x000000001c3f7000 JavaThread "jar transforms Thread 171" [_thread_in_native, id=372432, stack(0x000000002c910000,0x000000002ca10000)]
  0x000000001c3fd800 JavaThread "jar transforms Thread 170" [_thread_in_native, id=372364, stack(0x000000002c810000,0x000000002c910000)]
  0x000000001c3fd000 JavaThread "jar transforms Thread 169" [_thread_blocked, id=372396, stack(0x000000002c710000,0x000000002c810000)]
  0x000000001c3fc000 JavaThread "jar transforms Thread 168" [_thread_in_native, id=372328, stack(0x000000002c610000,0x000000002c710000)]
  0x000000001c3fb800 JavaThread "jar transforms Thread 167" [_thread_in_native, id=372376, stack(0x000000002c510000,0x000000002c610000)]
  0x000000001c3fa800 JavaThread "jar transforms Thread 166" [_thread_in_native, id=372360, stack(0x000000002c410000,0x000000002c510000)]
  0x000000001c3fa000 JavaThread "jar transforms Thread 165" [_thread_blocked, id=372340, stack(0x000000002c310000,0x000000002c410000)]
  0x000000001c3f9000 JavaThread "jar transforms Thread 164" [_thread_in_native, id=360372, stack(0x000000002c210000,0x000000002c310000)]
  0x000000001c3f8800 JavaThread "jar transforms Thread 163" [_thread_in_native, id=372344, stack(0x000000002c110000,0x000000002c210000)]
  0x000000001c3f7800 JavaThread "jar transforms Thread 162" [_thread_blocked, id=366208, stack(0x000000002c010000,0x000000002c110000)]
  0x000000001e1d6000 JavaThread "jar transforms Thread 161" [_thread_in_native, id=369864, stack(0x000000002bf10000,0x000000002c010000)]
  0x000000001e1d3000 JavaThread "jar transforms Thread 160" [_thread_in_native, id=371704, stack(0x000000002be10000,0x000000002bf10000)]
  0x000000001e1d5000 JavaThread "jar transforms Thread 159" [_thread_in_native, id=371472, stack(0x000000002bd10000,0x000000002be10000)]
  0x000000001e1d6800 JavaThread "jar transforms Thread 158" [_thread_in_native, id=369540, stack(0x000000002bc10000,0x000000002bd10000)]
  0x000000001e1d3800 JavaThread "jar transforms Thread 157" [_thread_in_native, id=372324, stack(0x000000002bb10000,0x000000002bc10000)]
  0x000000001e1d9000 JavaThread "jar transforms Thread 156" [_thread_in_native, id=372316, stack(0x000000002ba10000,0x000000002bb10000)]
  0x000000001e1d8000 JavaThread "jar transforms Thread 155" [_thread_in_native, id=372224, stack(0x000000002b910000,0x000000002ba10000)]
  0x000000001e1d2000 JavaThread "jar transforms Thread 154" [_thread_in_native, id=371908, stack(0x000000002b810000,0x000000002b910000)]
  0x000000001e1d7800 JavaThread "jar transforms Thread 153" [_thread_in_native, id=371924, stack(0x000000002b710000,0x000000002b810000)]
  0x000000001e1d4800 JavaThread "jar transforms Thread 152" [_thread_in_native, id=371940, stack(0x000000002b610000,0x000000002b710000)]
  0x000000001e1ca800 JavaThread "jar transforms Thread 151" [_thread_in_native, id=371928, stack(0x000000002b510000,0x000000002b610000)]
  0x000000001e1d1800 JavaThread "jar transforms Thread 150" [_thread_blocked, id=372300, stack(0x000000002b410000,0x000000002b510000)]
  0x000000001e1c9800 JavaThread "jar transforms Thread 149" [_thread_in_native, id=372280, stack(0x000000002b310000,0x000000002b410000)]
  0x000000001e1cd800 JavaThread "jar transforms Thread 148" [_thread_blocked, id=369948, stack(0x000000002b210000,0x000000002b310000)]
  0x000000001e1cf800 JavaThread "jar transforms Thread 147" [_thread_in_native, id=371604, stack(0x000000002b110000,0x000000002b210000)]
  0x000000001e1d0800 JavaThread "jar transforms Thread 146" [_thread_in_native, id=372248, stack(0x000000002b010000,0x000000002b110000)]
  0x000000001e1cc000 JavaThread "jar transforms Thread 145" [_thread_in_native, id=372204, stack(0x000000002af10000,0x000000002b010000)]
  0x000000001e1cf000 JavaThread "jar transforms Thread 144" [_thread_in_native, id=372236, stack(0x000000002ae10000,0x000000002af10000)]
  0x000000001e1ce000 JavaThread "jar transforms Thread 143" [_thread_in_native, id=369960, stack(0x000000002ad10000,0x000000002ae10000)]
  0x000000001e1cb000 JavaThread "jar transforms Thread 142" [_thread_in_native, id=372216, stack(0x000000002ac10000,0x000000002ad10000)]
  0x000000001e1cc800 JavaThread "jar transforms Thread 141" [_thread_in_native, id=370216, stack(0x000000002a9c0000,0x000000002aac0000)]
  0x000000001dd64000 JavaThread "jar transforms Thread 140" [_thread_blocked, id=371512, stack(0x000000002a8c0000,0x000000002a9c0000)]
  0x000000001dd67000 JavaThread "jar transforms Thread 139" [_thread_in_native, id=372172, stack(0x000000002a7c0000,0x000000002a8c0000)]
  0x000000001dd66800 JavaThread "jar transforms Thread 138" [_thread_in_native, id=372096, stack(0x000000002ab10000,0x000000002ac10000)]
  0x000000001dd65000 JavaThread "jar transforms Thread 137" [_thread_blocked, id=372148, stack(0x000000002a5c0000,0x000000002a6c0000)]
  0x000000001dd65800 JavaThread "jar transforms Thread 136" [_thread_blocked, id=362388, stack(0x000000002a4c0000,0x000000002a5c0000)]
  0x000000001dd5c800 JavaThread "jar transforms Thread 135" [_thread_in_native, id=370408, stack(0x000000002a3c0000,0x000000002a4c0000)]
  0x000000001dd5d800 JavaThread "jar transforms Thread 134" [_thread_in_native, id=370412, stack(0x000000002a2c0000,0x000000002a3c0000)]
  0x000000001dd63800 JavaThread "jar transforms Thread 133" [_thread_in_native, id=369744, stack(0x000000002a1c0000,0x000000002a2c0000)]
  0x000000001dd62800 JavaThread "jar transforms Thread 132" [_thread_blocked, id=367820, stack(0x000000002a0c0000,0x000000002a1c0000)]
  0x000000001dd61000 JavaThread "jar transforms Thread 131" [_thread_blocked, id=372140, stack(0x0000000029fc0000,0x000000002a0c0000)]
  0x000000001dd5f800 JavaThread "jar transforms Thread 130" [_thread_blocked, id=372124, stack(0x0000000029ec0000,0x0000000029fc0000)]
  0x000000001dd62000 JavaThread "jar transforms Thread 129" [_thread_blocked, id=368876, stack(0x0000000029dc0000,0x0000000029ec0000)]
  0x000000001dd59800 JavaThread "jar transforms Thread 128" [_thread_in_native, id=370228, stack(0x0000000029cc0000,0x0000000029dc0000)]
  0x000000001dd60800 JavaThread "jar transforms Thread 127" [_thread_in_native, id=372056, stack(0x0000000029bc0000,0x0000000029cc0000)]
  0x000000001dd5e000 JavaThread "jar transforms Thread 126" [_thread_blocked, id=371960, stack(0x0000000029ac0000,0x0000000029bc0000)]
  0x000000001dd5c000 JavaThread "jar transforms Thread 125" [_thread_in_native, id=371120, stack(0x00000000299c0000,0x0000000029ac0000)]
  0x000000001dd5b000 JavaThread "jar transforms Thread 124" [_thread_blocked, id=359780, stack(0x00000000298c0000,0x00000000299c0000)]
  0x000000001dd58000 JavaThread "jar transforms Thread 123" [_thread_blocked, id=370292, stack(0x00000000297c0000,0x00000000298c0000)]
  0x000000001dd5f000 JavaThread "jar transforms Thread 122" [_thread_blocked, id=370380, stack(0x00000000296c0000,0x00000000297c0000)]
  0x000000001dd5a800 JavaThread "jar transforms Thread 121" [_thread_blocked, id=370768, stack(0x00000000295c0000,0x00000000296c0000)]
  0x000000001dd59000 JavaThread "jar transforms Thread 120" [_thread_blocked, id=372040, stack(0x00000000294c0000,0x00000000295c0000)]
  0x000000001f73a800 JavaThread "jar transforms Thread 119" [_thread_blocked, id=372036, stack(0x00000000293c0000,0x00000000294c0000)]
  0x000000001f739000 JavaThread "jar transforms Thread 118" [_thread_in_native, id=372024, stack(0x00000000292c0000,0x00000000293c0000)]
  0x000000001f739800 JavaThread "jar transforms Thread 117" [_thread_blocked, id=371484, stack(0x00000000291c0000,0x00000000292c0000)]
  0x000000001f73f800 JavaThread "jar transforms Thread 116" [_thread_blocked, id=371128, stack(0x00000000290c0000,0x00000000291c0000)]
  0x000000001f738000 JavaThread "jar transforms Thread 115" [_thread_blocked, id=370920, stack(0x0000000028fc0000,0x00000000290c0000)]
  0x000000001f73f000 JavaThread "jar transforms Thread 114" [_thread_blocked, id=371212, stack(0x0000000028ec0000,0x0000000028fc0000)]
  0x000000001f73e000 JavaThread "jar transforms Thread 113" [_thread_blocked, id=368872, stack(0x0000000028dc0000,0x0000000028ec0000)]
  0x000000001f73d800 JavaThread "jar transforms Thread 112" [_thread_in_native, id=369972, stack(0x0000000028cc0000,0x0000000028dc0000)]
  0x000000001f73c000 JavaThread "jar transforms Thread 111" [_thread_in_native, id=371124, stack(0x0000000028bc0000,0x0000000028cc0000)]
  0x000000001f73c800 JavaThread "jar transforms Thread 110" [_thread_blocked, id=372004, stack(0x0000000028ac0000,0x0000000028bc0000)]
  0x000000001f73b000 JavaThread "jar transforms Thread 109" [_thread_blocked, id=372000, stack(0x00000000289c0000,0x0000000028ac0000)]
  0x000000001f730800 JavaThread "jar transforms Thread 108" [_thread_blocked, id=371964, stack(0x00000000288c0000,0x00000000289c0000)]
  0x000000001f737800 JavaThread "jar transforms Thread 107" [_thread_blocked, id=371956, stack(0x00000000287c0000,0x00000000288c0000)]
  0x000000001f736800 JavaThread "jar transforms Thread 106" [_thread_blocked, id=371920, stack(0x00000000286c0000,0x00000000287c0000)]
  0x000000001f733800 JavaThread "jar transforms Thread 105" [_thread_blocked, id=371944, stack(0x00000000285c0000,0x00000000286c0000)]
  0x000000001f732000 JavaThread "jar transforms Thread 104" [_thread_blocked, id=371856, stack(0x00000000284c0000,0x00000000285c0000)]
  0x000000001f733000 JavaThread "jar transforms Thread 103" [_thread_blocked, id=371840, stack(0x00000000283c0000,0x00000000284c0000)]
  0x000000001f731800 JavaThread "jar transforms Thread 102" [_thread_in_native, id=371884, stack(0x00000000282c0000,0x00000000283c0000)]
  0x000000001f734800 JavaThread "jar transforms Thread 101" [_thread_blocked, id=371852, stack(0x00000000281c0000,0x00000000282c0000)]
  0x000000001f736000 JavaThread "jar transforms Thread 100" [_thread_blocked, id=371832, stack(0x00000000280c0000,0x00000000281c0000)]
  0x000000001f735000 JavaThread "jar transforms Thread 99" [_thread_blocked, id=371076, stack(0x0000000027fc0000,0x00000000280c0000)]
  0x000000001e694800 JavaThread "jar transforms Thread 98" [_thread_blocked, id=372104, stack(0x0000000027ec0000,0x0000000027fc0000)]
  0x000000001e698000 JavaThread "jar transforms Thread 97" [_thread_blocked, id=368964, stack(0x0000000027dc0000,0x0000000027ec0000)]
  0x000000001e693000 JavaThread "jar transforms Thread 96" [_thread_blocked, id=371828, stack(0x0000000027cc0000,0x0000000027dc0000)]
  0x000000001e699800 JavaThread "jar transforms Thread 95" [_thread_blocked, id=371788, stack(0x0000000027bc0000,0x0000000027cc0000)]
  0x000000001e696000 JavaThread "jar transforms Thread 94" [_thread_blocked, id=371772, stack(0x0000000027ac0000,0x0000000027bc0000)]
  0x000000001e697800 JavaThread "jar transforms Thread 93" [_thread_in_native, id=370752, stack(0x00000000279c0000,0x0000000027ac0000)]
  0x000000001e693800 JavaThread "jar transforms Thread 92" [_thread_blocked, id=370888, stack(0x00000000278c0000,0x00000000279c0000)]
  0x000000001e699000 JavaThread "jar transforms Thread 91" [_thread_blocked, id=370744, stack(0x00000000277c0000,0x00000000278c0000)]
  0x000000001e695000 JavaThread "jar transforms Thread 90" [_thread_blocked, id=371572, stack(0x00000000276c0000,0x00000000277c0000)]
  0x000000001e696800 JavaThread "jar transforms Thread 89" [_thread_in_native, id=371524, stack(0x00000000275c0000,0x00000000276c0000)]
  0x000000001e68b800 JavaThread "jar transforms Thread 88" [_thread_blocked, id=371528, stack(0x00000000274c0000,0x00000000275c0000)]
  0x000000001e692000 JavaThread "jar transforms Thread 87" [_thread_blocked, id=371560, stack(0x00000000273c0000,0x00000000274c0000)]
  0x000000001e691800 JavaThread "jar transforms Thread 86" [_thread_blocked, id=370788, stack(0x00000000272c0000,0x00000000273c0000)]
  0x000000001e68a800 JavaThread "jar transforms Thread 85" [_thread_blocked, id=370624, stack(0x00000000271c0000,0x00000000272c0000)]
  0x000000001e68d000 JavaThread "jar transforms Thread 84" [_thread_blocked, id=371592, stack(0x00000000270c0000,0x00000000271c0000)]
  0x000000001e690800 JavaThread "jar transforms Thread 83" [_thread_blocked, id=371580, stack(0x0000000026fc0000,0x00000000270c0000)]
  0x000000001e690000 JavaThread "jar transforms Thread 82" [_thread_blocked, id=371728, stack(0x0000000026ec0000,0x0000000026fc0000)]
  0x000000001e68e800 JavaThread "jar transforms Thread 81" [_thread_blocked, id=371768, stack(0x0000000026dc0000,0x0000000026ec0000)]
  0x000000001e68c000 JavaThread "jar transforms Thread 80" [_thread_blocked, id=371584, stack(0x0000000026cc0000,0x0000000026dc0000)]
  0x000000001e68f000 JavaThread "jar transforms Thread 79" [_thread_blocked, id=371508, stack(0x0000000026bc0000,0x0000000026cc0000)]
  0x000000001e68d800 JavaThread "jar transforms Thread 78" [_thread_blocked, id=371480, stack(0x0000000026ac0000,0x0000000026bc0000)]
  0x000000001a563800 JavaThread "jar transforms Thread 77" [_thread_in_native, id=371276, stack(0x00000000269c0000,0x0000000026ac0000)]
  0x000000001a566000 JavaThread "jar transforms Thread 76" [_thread_blocked, id=371624, stack(0x00000000268c0000,0x00000000269c0000)]
  0x000000001a569000 JavaThread "jar transforms Thread 75" [_thread_blocked, id=371476, stack(0x00000000267c0000,0x00000000268c0000)]
  0x000000001a568000 JavaThread "jar transforms Thread 74" [_thread_in_native, id=367620, stack(0x00000000266c0000,0x00000000267c0000)]
  0x000000001a567800 JavaThread "jar transforms Thread 73" [_thread_blocked, id=371372, stack(0x00000000265c0000,0x00000000266c0000)]
  0x000000001a569800 JavaThread "jar transforms Thread 72" [_thread_blocked, id=371744, stack(0x00000000264c0000,0x00000000265c0000)]
  0x000000001a565000 JavaThread "jar transforms Thread 71" [_thread_blocked, id=371740, stack(0x00000000263c0000,0x00000000264c0000)]
  0x000000001a564800 JavaThread "jar transforms Thread 70" [_thread_blocked, id=369812, stack(0x00000000262c0000,0x00000000263c0000)]
  0x000000001a566800 JavaThread "jar transforms Thread 69" [_thread_in_native, id=372708, stack(0x00000000261c0000,0x00000000262c0000)]
  0x000000001a562800 JavaThread "jar transforms Thread 68" [_thread_blocked, id=370612, stack(0x00000000260c0000,0x00000000261c0000)]
  0x000000001a0c4800 JavaThread "jar transforms Thread 67" [_thread_blocked, id=370444, stack(0x0000000025fc0000,0x00000000260c0000)]
  0x000000001a0ba000 JavaThread "jar transforms Thread 66" [_thread_blocked, id=362084, stack(0x0000000025ec0000,0x0000000025fc0000)]
  0x000000001c486000 JavaThread "jar transforms Thread 65" [_thread_blocked, id=371400, stack(0x0000000025dc0000,0x0000000025ec0000)]
  0x000000001c485000 JavaThread "jar transforms Thread 64" [_thread_blocked, id=368792, stack(0x0000000025cc0000,0x0000000025dc0000)]
  0x000000001c484800 JavaThread "jar transforms Thread 63" [_thread_blocked, id=371424, stack(0x0000000025bc0000,0x0000000025cc0000)]
  0x000000001c481800 JavaThread "jar transforms Thread 62" [_thread_blocked, id=371388, stack(0x0000000025ac0000,0x0000000025bc0000)]
  0x000000001c486800 JavaThread "jar transforms Thread 61" [_thread_blocked, id=371364, stack(0x0000000025560000,0x0000000025660000)]
  0x000000001c488000 JavaThread "jar transforms Thread 60" [_thread_blocked, id=372732, stack(0x00000000241a0000,0x00000000242a0000)]
  0x000000001c487800 JavaThread "jar transforms Thread 59" [_thread_blocked, id=372728, stack(0x00000000228a0000,0x00000000229a0000)]
  0x000000001c483800 JavaThread "jar transforms Thread 58" [_thread_blocked, id=371416, stack(0x0000000021c50000,0x0000000021d50000)]
  0x000000001aae3800 JavaThread "jar transforms Thread 57" [_thread_blocked, id=371404, stack(0x0000000021b50000,0x0000000021c50000)]
  0x000000001aae9800 JavaThread "jar transforms Thread 56" [_thread_blocked, id=371408, stack(0x00000000217a0000,0x00000000218a0000)]
  0x000000001aae7800 JavaThread "jar transforms Thread 55" [_thread_in_Java, id=367640, stack(0x00000000216a0000,0x00000000217a0000)]
  0x000000001aae6000 JavaThread "jar transforms Thread 54" [_thread_blocked, id=371436, stack(0x00000000227a0000,0x00000000228a0000)]
  0x000000001aae9000 JavaThread "jar transforms Thread 53" [_thread_blocked, id=371244, stack(0x00000000215a0000,0x00000000216a0000)]
  0x000000001aaea800 JavaThread "jar transforms Thread 52" [_thread_blocked, id=369724, stack(0x00000000230a0000,0x00000000231a0000)]
  0x000000001aae6800 JavaThread "jar transforms Thread 51" [_thread_blocked, id=371444, stack(0x0000000021df0000,0x0000000021ef0000)]
  0x000000001aae8000 JavaThread "jar transforms Thread 50" [_thread_blocked, id=369220, stack(0x0000000021a50000,0x0000000021b50000)]
  0x000000001aadc000 JavaThread "jar transforms Thread 49" [_thread_blocked, id=371352, stack(0x0000000021950000,0x0000000021a50000)]
  0x000000001aae0800 JavaThread "jar transforms Thread 48" [_thread_blocked, id=371280, stack(0x00000000214a0000,0x00000000215a0000)]
  0x000000001aade800 JavaThread "jar transforms Thread 47" [_thread_blocked, id=369152, stack(0x00000000213a0000,0x00000000214a0000)]
  0x000000001aadf000 JavaThread "jar transforms Thread 46" [_thread_in_native, id=369452, stack(0x000000001fff0000,0x00000000200f0000)]
  0x000000001aae1800 JavaThread "jar transforms Thread 45" [_thread_blocked, id=370740, stack(0x000000001ee80000,0x000000001ef80000)]
  0x000000001aadb800 JavaThread "jar transforms Thread 44" [_thread_blocked, id=371104, stack(0x000000001d4b0000,0x000000001d5b0000)]
  0x000000001aadd800 JavaThread "jar transforms Thread 43" [_thread_in_native, id=371356, stack(0x000000001bee0000,0x000000001bfe0000)]
  0x000000001aae5000 JavaThread "Build operations Thread 4" [_thread_blocked, id=368892, stack(0x00000000226a0000,0x00000000227a0000)]
  0x000000001aae4800 JavaThread "Build operations Thread 3" [_thread_blocked, id=371160, stack(0x00000000225a0000,0x00000000226a0000)]
  0x000000001aadd000 JavaThread "Build operations Thread 2" [_thread_blocked, id=370800, stack(0x00000000224a0000,0x00000000225a0000)]
  0x000000001aae3000 JavaThread "Build operations" [_thread_blocked, id=370796, stack(0x00000000223a0000,0x00000000224a0000)]
  0x000000001aae0000 JavaThread "Cache worker for Build Output Cleanup Cache (E:\workspace\android\Dog-Compose\.gradle\buildOutputCleanup)" [_thread_blocked, id=370732, stack(0x0000000021fa0000,0x00000000220a0000)]
  0x000000001a0c1800 JavaThread "Cache worker for cache directory md-rule (C:\Users\Administrator\.gradle\caches\6.8.2\md-rule)" [_thread_blocked, id=368304, stack(0x000000001d3b0000,0x000000001d4b0000)]
  0x000000001a0c4000 JavaThread "Cache worker for cache directory md-supplier (C:\Users\Administrator\.gradle\caches\6.8.2\md-supplier)" [_thread_blocked, id=370672, stack(0x000000001d2b0000,0x000000001d3b0000)]
  0x000000001a0c5800 JavaThread "Cache worker for checksums cache (E:\workspace\android\Dog-Compose\.gradle\checksums)" [_thread_blocked, id=367532, stack(0x000000001d1b0000,0x000000001d2b0000)]
  0x000000001a0c2800 JavaThread "Cache worker for file hash cache (E:\workspace\android\Dog-Compose\.gradle\6.8.2\fileHashes)" [_thread_blocked, id=370644, stack(0x000000001d0b0000,0x000000001d1b0000)]
  0x000000001a0c3000 JavaThread "Daemon client event forwarder" [_thread_blocked, id=369012, stack(0x000000001bfe0000,0x000000001c0e0000)]
  0x000000001a0c0800 JavaThread "Asynchronous log dispatcher for DefaultDaemonConnection: socket connection from /127.0.0.1:35334 to /127.0.0.1:35943" [_thread_blocked, id=366928, stack(0x000000001b930000,0x000000001ba30000)]
  0x000000001a0c0000 JavaThread "Daemon worker Thread 2" [_thread_blocked, id=370276, stack(0x000000001b830000,0x000000001b930000)]
  0x000000001a0b8800 JavaThread "Cancel handler" [_thread_blocked, id=370356, stack(0x0000000019130000,0x0000000019230000)]
  0x000000001a0b9000 JavaThread "Handler for socket connection from /127.0.0.1:35334 to /127.0.0.1:35943" [_thread_in_native, id=370360, stack(0x0000000002a40000,0x0000000002b40000)]
  0x000000001a0bf000 JavaThread "Daemon Thread 2" [_thread_blocked, id=367676, stack(0x00000000011a0000,0x00000000012a0000)]
  0x000000001a0bd000 JavaThread "Cache worker for file content cache (C:\Users\Administrator\.gradle\caches\6.8.2\fileContent)" [_thread_blocked, id=361772, stack(0x00000000238a0000,0x00000000239a0000)]
  0x000000001a0ba800 JavaThread "Cache worker for execution history cache (C:\Users\Administrator\.gradle\caches\6.8.2\executionHistory)" [_thread_blocked, id=359104, stack(0x00000000231a0000,0x00000000232a0000)]
  0x000000001c483000 JavaThread "Cache worker for journal cache (C:\Users\Administrator\.gradle\caches\journal-1)" [_thread_blocked, id=205504, stack(0x000000001dbb0000,0x000000001dcb0000)]
  0x000000001c482000 JavaThread "File lock request listener" [_thread_in_native, id=362516, stack(0x000000001d8b0000,0x000000001d9b0000)]
  0x000000001c4aa800 JavaThread "Cache worker for file hash cache (C:\Users\Administrator\.gradle\caches\6.8.2\fileHashes)" [_thread_in_native, id=357644, stack(0x000000001d7b0000,0x000000001d8b0000)]
  0x000000001b413800 JavaThread "Daemon periodic checks" [_thread_blocked, id=358992, stack(0x000000001bbe0000,0x000000001bce0000)]
  0x000000001b3c0800 JavaThread "Incoming local TCP Connector on port 35334" [_thread_in_native, id=358544, stack(0x000000001ba30000,0x000000001bb30000)]
  0x000000001af85000 JavaThread "Daemon health stats" [_thread_blocked, id=358580, stack(0x000000001b710000,0x000000001b810000)]
  0x00000000192c9800 JavaThread "Service Thread" daemon [_thread_blocked, id=362540, stack(0x0000000019b40000,0x0000000019c40000)]
  0x0000000019262000 JavaThread "C1 CompilerThread2" daemon [_thread_blocked, id=361688, stack(0x0000000019a40000,0x0000000019b40000)]
=>0x0000000017de1000 JavaThread "C2 CompilerThread1" daemon [_thread_in_native, id=358636, stack(0x0000000019940000,0x0000000019a40000)]
  0x0000000017dde800 JavaThread "C2 CompilerThread0" daemon [_thread_in_native, id=359792, stack(0x0000000019840000,0x0000000019940000)]
  0x0000000017e2d000 JavaThread "Attach Listener" daemon [_thread_blocked, id=362512, stack(0x0000000019740000,0x0000000019840000)]
  0x0000000019248800 JavaThread "Signal Dispatcher" daemon [_thread_blocked, id=363400, stack(0x0000000019640000,0x0000000019740000)]
  0x00000000031a6000 JavaThread "Finalizer" daemon [_thread_blocked, id=363456, stack(0x0000000019030000,0x0000000019130000)]
  0x00000000031a3000 JavaThread "Reference Handler" daemon [_thread_blocked, id=363424, stack(0x0000000018f30000,0x0000000019030000)]
  0x0000000002c3e000 JavaThread "main" [_thread_blocked, id=363472, stack(0x0000000002fb0000,0x00000000030b0000)]

Other Threads:
  0x0000000017d96800 VMThread [stack: 0x0000000018e30000,0x0000000018f30000] [id=363412]
  0x00000000192cb000 WatcherThread [stack: 0x0000000019c40000,0x0000000019d40000] [id=360912]

VM state:not at safepoint (normal execution)

VM Mutex/Monitor currently owned by a thread: None

heap address: 0x0000000080000000, size: 2048 MB, Compressed Oops mode: 32-bit
Narrow klass base: 0x0000000000000000, Narrow klass shift: 3
Compressed class space size: 1073741824 Address: 0x0000000100000000

Heap:
 PSYoungGen      total 663552K, used 552085K [0x00000000d5580000, 0x0000000100000000, 0x0000000100000000)
  eden space 651776K, 82% used [0x00000000d5580000,0x00000000f652b5f0,0x00000000fd200000)
  from space 11776K, 99% used [0x00000000fe800000,0x00000000ff37a090,0x00000000ff380000)
  to   space 22528K, 0% used [0x00000000fd200000,0x00000000fd200000,0x00000000fe800000)
 ParOldGen       total 148992K, used 48812K [0x0000000080000000, 0x0000000089180000, 0x00000000d5580000)
  object space 148992K, 32% used [0x0000000080000000,0x0000000082fab210,0x0000000089180000)
 Metaspace       used 52761K, capacity 55208K, committed 55464K, reserved 1097728K
  class space    used 6739K, capacity 7236K, committed 7336K, reserved 1048576K

Card table byte_map: [0x0000000012570000,0x0000000012980000] byte_map_base: 0x0000000012170000

Marking Bits: (ParMarkBitMap*) 0x000000005e08f030
 Begin Bits: [0x0000000013030000, 0x0000000015030000)
 End Bits:   [0x0000000015030000, 0x0000000017030000)

Polling page: 0x0000000002b60000

CodeCache: size=245760Kb used=26461Kb max_used=26797Kb free=219299Kb
 bounds [0x00000000031b0000, 0x0000000004c70000, 0x00000000121b0000]
 total_blobs=8103 nmethods=7293 adapters=723
 compilation: enabled

Compilation events (10 events):
Event: 1151.401 Thread 0x0000000019262000 9069       3       org.gradle.internal.snapshot.AbstractFileSystemLocationSnapshot::<init> (20 bytes)
Event: 1151.401 Thread 0x0000000019262000 nmethod 9069 0x0000000003ea5850 code [0x0000000003ea59a0, 0x0000000003ea5b90]
Event: 1151.403 Thread 0x0000000017dde800 nmethod 9065 0x00000000037d36d0 code [0x00000000037d3a20, 0x00000000037d60f0]
Event: 1151.403 Thread 0x0000000017dde800 9068       4       org.objectweb.asm.AnnotationWriter::putAnnotations (67 bytes)
Event: 1151.432 Thread 0x0000000017dde800 nmethod 9068 0x000000000459b850 code [0x000000000459bb00, 0x000000000459d6a8]
Event: 1151.432 Thread 0x0000000017dde800 9071       4       org.objectweb.asm.ClassReader::readMethod (1061 bytes)
Event: 1151.490 Thread 0x0000000019262000 9074       3       java.lang.Throwable::<init> (29 bytes)
Event: 1151.490 Thread 0x0000000019262000 nmethod 9074 0x000000000348a910 code [0x000000000348aa80, 0x000000000348ad48]
Event: 1151.502 Thread 0x0000000017dde800 nmethod 9071 0x0000000004c51710 code [0x0000000004c51ba0, 0x0000000004c55a28]
Event: 1151.502 Thread 0x0000000017dde800 9075       4       org.objectweb.asm.ClassWriter::toByteArray (1513 bytes)

GC Heap History (10 events):
Event: 16.747 GC heap before
{Heap before GC invocations=22 (full 2):
 PSYoungGen      total 576512K, used 567168K [0x00000000d5580000, 0x00000000ffc80000, 0x0000000100000000)
  eden space 563200K, 100% used [0x00000000d5580000,0x00000000f7b80000,0x00000000f7b80000)
  from space 13312K, 29% used [0x00000000f7b80000,0x00000000f7f60010,0x00000000f8880000)
  to   space 12800K, 0% used [0x00000000ff000000,0x00000000ff000000,0x00000000ffc80000)
 ParOldGen       total 148992K, used 32222K [0x0000000080000000, 0x0000000089180000, 0x00000000d5580000)
  object space 148992K, 21% used [0x0000000080000000,0x0000000081f77bb0,0x0000000089180000)
 Metaspace       used 37176K, capacity 38626K, committed 38952K, reserved 1083392K
  class space    used 4990K, capacity 5305K, committed 5416K, reserved 1048576K
Event: 16.753 GC heap after
Heap after GC invocations=22 (full 2):
 PSYoungGen      total 670720K, used 8544K [0x00000000d5580000, 0x00000000ff880000, 0x0000000100000000)
  eden space 662016K, 0% used [0x00000000d5580000,0x00000000d5580000,0x00000000fdc00000)
  from space 8704K, 98% used [0x00000000ff000000,0x00000000ff858010,0x00000000ff880000)
  to   space 13312K, 0% used [0x00000000fde80000,0x00000000fde80000,0x00000000feb80000)
 ParOldGen       total 148992K, used 32222K [0x0000000080000000, 0x0000000089180000, 0x00000000d5580000)
  object space 148992K, 21% used [0x0000000080000000,0x0000000081f77bb0,0x0000000089180000)
 Metaspace       used 37176K, capacity 38626K, committed 38952K, reserved 1083392K
  class space    used 4990K, capacity 5305K, committed 5416K, reserved 1048576K
}
Event: 19.968 GC heap before
{Heap before GC invocations=23 (full 2):
 PSYoungGen      total 670720K, used 670560K [0x00000000d5580000, 0x00000000ff880000, 0x0000000100000000)
  eden space 662016K, 100% used [0x00000000d5580000,0x00000000fdc00000,0x00000000fdc00000)
  from space 8704K, 98% used [0x00000000ff000000,0x00000000ff858010,0x00000000ff880000)
  to   space 13312K, 0% used [0x00000000fde80000,0x00000000fde80000,0x00000000feb80000)
 ParOldGen       total 148992K, used 32222K [0x0000000080000000, 0x0000000089180000, 0x00000000d5580000)
  object space 148992K, 21% used [0x0000000080000000,0x0000000081f77bb0,0x0000000089180000)
 Metaspace       used 37219K, capacity 38694K, committed 38952K, reserved 1083392K
  class space    used 4990K, capacity 5305K, committed 5416K, reserved 1048576K
Event: 19.970 GC heap after
Heap after GC invocations=23 (full 2):
 PSYoungGen      total 677888K, used 2400K [0x00000000d5580000, 0x0000000100000000, 0x0000000100000000)
  eden space 664576K, 0% used [0x00000000d5580000,0x00000000d5580000,0x00000000fde80000)
  from space 13312K, 18% used [0x00000000fde80000,0x00000000fe0d8010,0x00000000feb80000)
  to   space 13312K, 0% used [0x00000000ff300000,0x00000000ff300000,0x0000000100000000)
 ParOldGen       total 148992K, used 32230K [0x0000000080000000, 0x0000000089180000, 0x00000000d5580000)
  object space 148992K, 21% used [0x0000000080000000,0x0000000081f79bb0,0x0000000089180000)
 Metaspace       used 37219K, capacity 38694K, committed 38952K, reserved 1083392K
  class space    used 4990K, capacity 5305K, committed 5416K, reserved 1048576K
}
Event: 1149.061 GC heap before
{Heap before GC invocations=24 (full 2):
 PSYoungGen      total 677888K, used 666976K [0x00000000d5580000, 0x0000000100000000, 0x0000000100000000)
  eden space 664576K, 100% used [0x00000000d5580000,0x00000000fde80000,0x00000000fde80000)
  from space 13312K, 18% used [0x00000000fde80000,0x00000000fe0d8010,0x00000000feb80000)
  to   space 13312K, 0% used [0x00000000ff300000,0x00000000ff300000,0x0000000100000000)
 ParOldGen       total 148992K, used 32231K [0x0000000080000000, 0x0000000089180000, 0x00000000d5580000)
  object space 148992K, 21% used [0x0000000080000000,0x0000000081f79fd8,0x0000000089180000)
 Metaspace       used 52687K, capacity 55140K, committed 55464K, reserved 1097728K
  class space    used 6735K, capacity 7236K, committed 7336K, reserved 1048576K
Event: 1149.098 GC heap after
Heap after GC invocations=24 (full 2):
 PSYoungGen      total 650240K, used 13288K [0x00000000d5580000, 0x0000000100000000, 0x0000000100000000)
  eden space 636928K, 0% used [0x00000000d5580000,0x00000000d5580000,0x00000000fc380000)
  from space 13312K, 99% used [0x00000000ff300000,0x00000000ffffa0a0,0x0000000100000000)
  to   space 19456K, 0% used [0x00000000fda00000,0x00000000fda00000,0x00000000fed00000)
 ParOldGen       total 148992K, used 43004K [0x0000000080000000, 0x0000000089180000, 0x00000000d5580000)
  object space 148992K, 28% used [0x0000000080000000,0x00000000829ff228,0x0000000089180000)
 Metaspace       used 52687K, capacity 55140K, committed 55464K, reserved 1097728K
  class space    used 6735K, capacity 7236K, committed 7336K, reserved 1048576K
}
Event: 1150.078 GC heap before
{Heap before GC invocations=25 (full 2):
 PSYoungGen      total 650240K, used 650216K [0x00000000d5580000, 0x0000000100000000, 0x0000000100000000)
  eden space 636928K, 100% used [0x00000000d5580000,0x00000000fc380000,0x00000000fc380000)
  from space 13312K, 99% used [0x00000000ff300000,0x00000000ffffa0a0,0x0000000100000000)
  to   space 19456K, 0% used [0x00000000fda00000,0x00000000fda00000,0x00000000fed00000)
 ParOldGen       total 148992K, used 43047K [0x0000000080000000, 0x0000000089180000, 0x00000000d5580000)
  object space 148992K, 28% used [0x0000000080000000,0x0000000082a09d50,0x0000000089180000)
 Metaspace       used 52736K, capacity 55204K, committed 55464K, reserved 1097728K
  class space    used 6739K, capacity 7236K, committed 7336K, reserved 1048576K
Event: 1150.092 GC heap after
Heap after GC invocations=25 (full 2):
 PSYoungGen      total 625152K, used 14312K [0x00000000d5580000, 0x00000000ff380000, 0x0000000100000000)
  eden space 610816K, 0% used [0x00000000d5580000,0x00000000d5580000,0x00000000faa00000)
  from space 14336K, 99% used [0x00000000fda00000,0x00000000fe7fa0b0,0x00000000fe800000)
  to   space 11776K, 0% used [0x00000000fe800000,0x00000000fe800000,0x00000000ff380000)
 ParOldGen       total 148992K, used 44183K [0x0000000080000000, 0x0000000089180000, 0x00000000d5580000)
  object space 148992K, 29% used [0x0000000080000000,0x0000000082b25d70,0x0000000089180000)
 Metaspace       used 52736K, capacity 55204K, committed 55464K, reserved 1097728K
  class space    used 6739K, capacity 7236K, committed 7336K, reserved 1048576K
}
Event: 1150.791 GC heap before
{Heap before GC invocations=26 (full 2):
 PSYoungGen      total 625152K, used 625128K [0x00000000d5580000, 0x00000000ff380000, 0x0000000100000000)
  eden space 610816K, 100% used [0x00000000d5580000,0x00000000faa00000,0x00000000faa00000)
  from space 14336K, 99% used [0x00000000fda00000,0x00000000fe7fa0b0,0x00000000fe800000)
  to   space 11776K, 0% used [0x00000000fe800000,0x00000000fe800000,0x00000000ff380000)
 ParOldGen       total 148992K, used 44194K [0x0000000080000000, 0x0000000089180000, 0x00000000d5580000)
  object space 148992K, 29% used [0x0000000080000000,0x0000000082b28818,0x0000000089180000)
 Metaspace       used 52750K, capacity 55208K, committed 55464K, reserved 1097728K
  class space    used 6739K, capacity 7236K, committed 7336K, reserved 1048576K
Event: 1150.807 GC heap after
Heap after GC invocations=26 (full 2):
 PSYoungGen      total 663552K, used 11752K [0x00000000d5580000, 0x0000000100000000, 0x0000000100000000)
  eden space 651776K, 0% used [0x00000000d5580000,0x00000000d5580000,0x00000000fd200000)
  from space 11776K, 99% used [0x00000000fe800000,0x00000000ff37a090,0x00000000ff380000)
  to   space 22528K, 0% used [0x00000000fd200000,0x00000000fd200000,0x00000000fe800000)
 ParOldGen       total 148992K, used 48812K [0x0000000080000000, 0x0000000089180000, 0x00000000d5580000)
  object space 148992K, 32% used [0x0000000080000000,0x0000000082fab210,0x0000000089180000)
 Metaspace       used 52750K, capacity 55208K, committed 55464K, reserved 1097728K
  class space    used 6739K, capacity 7236K, committed 7336K, reserved 1048576K
}

Deoptimization events (10 events):
Event: 1151.093 Thread 0x000000001f73c000 Uncommon trap: reason=unstable_if action=reinterpret pc=0x0000000003d195e0 method=org.gradle.internal.classpath.InstrumentingTransformer$InstrumentingMethodVisitor.visitMethodInsn(ILjava/lang/String;Ljava/lang/String;Ljava/lang/String;Z)V @ 295
Event: 1151.355 Thread 0x000000001e1d3800 Uncommon trap: reason=unstable_if action=reinterpret pc=0x0000000004bf31bc method=org.objectweb.asm.ClassReader.readMethod(Lorg/objectweb/asm/ClassVisitor;Lorg/objectweb/asm/Context;I)I @ 298
Event: 1151.355 Thread 0x000000001e1d3800 Uncommon trap: reason=unstable_if action=reinterpret pc=0x0000000003fb3010 method=org.objectweb.asm.MethodWriter.visitTypeAnnotation(ILorg/objectweb/asm/TypePath;Ljava/lang/String;Z)Lorg/objectweb/asm/AnnotationVisitor; @ 2
Event: 1151.355 Thread 0x000000001e1d3800 Uncommon trap: reason=unstable_if action=reinterpret pc=0x0000000004b7d6c8 method=org.objectweb.asm.ClassReader.readCode(Lorg/objectweb/asm/MethodVisitor;Lorg/objectweb/asm/Context;I)V @ 1778
Event: 1151.355 Thread 0x000000001e1d3800 Uncommon trap: reason=unstable_if action=reinterpret pc=0x0000000004bd789c method=org.objectweb.asm.MethodWriter.computeMethodInfoSize()I @ 259
Event: 1151.355 Thread 0x000000001e1d3800 Uncommon trap: reason=unstable_if action=reinterpret pc=0x0000000003e21fc4 method=org.objectweb.asm.AnnotationWriter.computeAnnotationsSize(Lorg/objectweb/asm/AnnotationWriter;Lorg/objectweb/asm/AnnotationWriter;Lorg/objectweb/asm/AnnotationWriter;Lorg/ob
Event: 1151.355 Thread 0x000000001e1d3800 Uncommon trap: reason=unstable_if action=reinterpret pc=0x0000000004c00340 method=org.objectweb.asm.MethodWriter.putMethodInfo(Lorg/objectweb/asm/ByteVector;)V @ 200
Event: 1151.355 Thread 0x000000001e1d3800 Uncommon trap: reason=unstable_if action=reinterpret pc=0x0000000003e3a010 method=org.objectweb.asm.AnnotationWriter.putAnnotations(Lorg/objectweb/asm/SymbolTable;Lorg/objectweb/asm/AnnotationWriter;Lorg/objectweb/asm/AnnotationWriter;Lorg/objectweb/asm/A
Event: 1151.358 Thread 0x000000001e1d3800 Uncommon trap: reason=unstable_if action=reinterpret pc=0x0000000003d82080 method=org.objectweb.asm.ClassReader.readField(Lorg/objectweb/asm/ClassVisitor;Lorg/objectweb/asm/Context;I)I @ 236
Event: 1151.358 Thread 0x000000001e1d3800 Uncommon trap: reason=unstable_if action=reinterpret pc=0x00000000040fe8cc method=org.objectweb.asm.AnnotationWriter.computeAnnotationsSize(Lorg/objectweb/asm/AnnotationWriter;Lorg/objectweb/asm/AnnotationWriter;Lorg/objectweb/asm/AnnotationWriter;Lorg/ob

Classes redefined (0 events):
No events

Internal exceptions (10 events):
Event: 1151.344 Thread 0x000000001dd64000 Exception <a 'sun/nio/fs/WindowsException'> (0x00000000da52cbd8) thrown at [C:\src\AOSP-openjdk-git\hotspot\src\share\vm\prims\jni.cpp, line 710]
Event: 1151.346 Thread 0x000000001f736800 Exception <a 'sun/nio/fs/WindowsException'> (0x00000000edde0888) thrown at [C:\src\AOSP-openjdk-git\hotspot\src\share\vm\prims\jni.cpp, line 710]
Event: 1151.349 Thread 0x000000001e1cd800 Exception <a 'sun/nio/fs/WindowsException'> (0x00000000f00e5db0) thrown at [C:\src\AOSP-openjdk-git\hotspot\src\share\vm\prims\jni.cpp, line 710]
Event: 1151.350 Thread 0x000000001c400000 Exception <a 'sun/nio/fs/WindowsException'> (0x00000000eed7a5d8) thrown at [C:\src\AOSP-openjdk-git\hotspot\src\share\vm\prims\jni.cpp, line 710]
Event: 1151.350 Thread 0x000000001e1cd800 Exception <a 'sun/nio/fs/WindowsException'> (0x00000000f00e61d8) thrown at [C:\src\AOSP-openjdk-git\hotspot\src\share\vm\prims\jni.cpp, line 710]
Event: 1151.351 Thread 0x000000001c405000 Exception <a 'sun/nio/fs/WindowsException'> (0x00000000f0281d00) thrown at [C:\src\AOSP-openjdk-git\hotspot\src\share\vm\prims\jni.cpp, line 710]
Event: 1151.371 Thread 0x000000001aadd800 Exception <a 'sun/nio/fs/WindowsException'> (0x00000000eeac63a0) thrown at [C:\src\AOSP-openjdk-git\hotspot\src\share\vm\prims\jni.cpp, line 710]
Event: 1151.371 Thread 0x000000001f73c000 Exception <a 'sun/nio/fs/WindowsException'> (0x00000000ed642678) thrown at [C:\src\AOSP-openjdk-git\hotspot\src\share\vm\prims\jni.cpp, line 710]
Event: 1151.489 Thread 0x000000001a565000 Exception <a 'sun/nio/fs/WindowsException'> (0x00000000d56b0a18) thrown at [C:\src\AOSP-openjdk-git\hotspot\src\share\vm\prims\jni.cpp, line 710]
Event: 1151.490 Thread 0x000000001e1d3800 Exception <a 'sun/nio/fs/WindowsException'> (0x00000000f0ec0968) thrown at [C:\src\AOSP-openjdk-git\hotspot\src\share\vm\prims\jni.cpp, line 710]

Events (10 events):
Event: 1151.566 Thread 0x000000001e696800 DEOPT PACKING pc=0x0000000004c2c24a sp=0x00000000276be5e0
Event: 1151.566 Thread 0x000000001e696800 DEOPT UNPACKING pc=0x00000000031f75d0 sp=0x00000000276be4d8 mode 0
Event: 1151.567 Thread 0x000000001e696800 DEOPT PACKING pc=0x0000000004c2c24a sp=0x00000000276be5e0
Event: 1151.567 Thread 0x000000001e696800 DEOPT UNPACKING pc=0x00000000031f75d0 sp=0x00000000276be4d8 mode 0
Event: 1151.569 Thread 0x000000001e696800 DEOPT PACKING pc=0x0000000004c2c24a sp=0x00000000276be5e0
Event: 1151.569 Thread 0x000000001e696800 DEOPT UNPACKING pc=0x00000000031f75d0 sp=0x00000000276be4d8 mode 0
Event: 1151.570 Thread 0x000000001e696800 DEOPT PACKING pc=0x0000000004c2c24a sp=0x00000000276be5e0
Event: 1151.570 Thread 0x000000001e696800 DEOPT UNPACKING pc=0x00000000031f75d0 sp=0x00000000276be4d8 mode 0
Event: 1151.571 Thread 0x000000001aae7800 DEOPT PACKING pc=0x0000000004c2c24a sp=0x000000002179e1c0
Event: 1151.571 Thread 0x000000001aae7800 DEOPT UNPACKING pc=0x00000000031f75d0 sp=0x000000002179e0b8 mode 0


Dynamic libraries:
0x00007ff615820000 - 0x00007ff615851000 	D:\install\as4.1.1\jre\bin\java.exe
0x00007ffc17e90000 - 0x00007ffc18084000 	C:\Windows\SYSTEM32\ntdll.dll
0x00007ffc17220000 - 0x00007ffc172dd000 	C:\Windows\System32\KERNEL32.DLL
0x00007ffc15880000 - 0x00007ffc15b47000 	C:\Windows\System32\KERNELBASE.dll
0x00007ffc17850000 - 0x00007ffc178fa000 	C:\Windows\System32\ADVAPI32.dll
0x00007ffc168a0000 - 0x00007ffc1693e000 	C:\Windows\System32\msvcrt.dll
0x00007ffc17c70000 - 0x00007ffc17d0b000 	C:\Windows\System32\sechost.dll
0x00007ffc17720000 - 0x00007ffc17843000 	C:\Windows\System32\RPCRT4.dll
0x00007ffc172e0000 - 0x00007ffc17480000 	C:\Windows\System32\USER32.dll
0x00007ffc155d0000 - 0x00007ffc155f2000 	C:\Windows\System32\win32u.dll
0x00007ffc16060000 - 0x00007ffc1608a000 	C:\Windows\System32\GDI32.dll
0x00007ffc15b50000 - 0x00007ffc15c5a000 	C:\Windows\System32\gdi32full.dll
0x00007ffc157e0000 - 0x00007ffc1587d000 	C:\Windows\System32\msvcp_win.dll
0x00007ffc15d60000 - 0x00007ffc15e60000 	C:\Windows\System32\ucrtbase.dll
0x00007ffbf9a10000 - 0x00007ffbf9caa000 	C:\Windows\WinSxS\amd64_microsoft.windows.common-controls_6595b64144ccf1df_6.0.19041.1_none_b555e41d4684ddec\COMCTL32.dll
0x00007ffc165b0000 - 0x00007ffc165e0000 	C:\Windows\System32\IMM32.DLL
0x000000005d740000 - 0x000000005d812000 	D:\install\as4.1.1\jre\jre\bin\msvcr100.dll
0x000000005d8c0000 - 0x000000005e10b000 	D:\install\as4.1.1\jre\jre\bin\server\jvm.dll
0x00007ffc16640000 - 0x00007ffc16648000 	C:\Windows\System32\PSAPI.DLL
0x00007ffc13de0000 - 0x00007ffc13de9000 	C:\Windows\SYSTEM32\WSOCK32.dll
0x00007ffc17100000 - 0x00007ffc1716b000 	C:\Windows\System32\WS2_32.dll
0x00007ffbff3a0000 - 0x00007ffbff3c7000 	C:\Windows\SYSTEM32\WINMM.dll
0x00007ffc150a0000 - 0x00007ffc150aa000 	C:\Windows\SYSTEM32\VERSION.dll
0x00007ffc13da0000 - 0x00007ffc13daf000 	D:\install\as4.1.1\jre\jre\bin\verify.dll
0x00007ffc09750000 - 0x00007ffc09779000 	D:\install\as4.1.1\jre\jre\bin\java.dll
0x00007ffc10db0000 - 0x00007ffc10dc6000 	D:\install\as4.1.1\jre\jre\bin\zip.dll
0x00007ffc169c0000 - 0x00007ffc170f1000 	C:\Windows\System32\SHELL32.dll
0x00007ffc133f0000 - 0x00007ffc13b7a000 	C:\Windows\SYSTEM32\windows.storage.dll
0x00007ffc17910000 - 0x00007ffc17c64000 	C:\Windows\System32\combase.dll
0x00007ffc14f10000 - 0x00007ffc14f3b000 	C:\Windows\SYSTEM32\Wldp.dll
0x00007ffc16500000 - 0x00007ffc165ae000 	C:\Windows\System32\SHCORE.dll
0x00007ffc17d10000 - 0x00007ffc17d65000 	C:\Windows\System32\shlwapi.dll
0x00007ffc15510000 - 0x00007ffc1552f000 	C:\Windows\SYSTEM32\profapi.dll
0x00007ffc10d50000 - 0x00007ffc10d6a000 	D:\install\as4.1.1\jre\jre\bin\net.dll
0x00007ffc14c90000 - 0x00007ffc14cfa000 	C:\Windows\system32\mswsock.dll
0x00007ffc10cf0000 - 0x00007ffc10d03000 	D:\install\as4.1.1\jre\jre\bin\nio.dll
0x00007ffc09650000 - 0x00007ffc09677000 	C:\Users\Administrator\.gradle\native\fdc75f09e3144964f2cf3f50f0aa648679c211496f362492102eb8c894070792\windows-amd64-min\native-platform.dll
0x00007ffbf00c0000 - 0x00007ffbf0256000 	C:\Users\Administrator\.gradle\native\12488b8bf47d2d4c9fbf2f6322a914ad602e24e48041cd04a747c6da556b65c4\windows-amd64\native-platform-file-events.dll
0x00007ffc10e60000 - 0x00007ffc10e6d000 	D:\install\as4.1.1\jre\jre\bin\management.dll
0x00007ffc14e60000 - 0x00007ffc14e78000 	C:\Windows\SYSTEM32\CRYPTSP.dll
0x00007ffc14620000 - 0x00007ffc14654000 	C:\Windows\system32\rsaenh.dll
0x00007ffc15e60000 - 0x00007ffc15e87000 	C:\Windows\System32\bcrypt.dll
0x00007ffc15490000 - 0x00007ffc154be000 	C:\Windows\SYSTEM32\USERENV.dll
0x00007ffc15760000 - 0x00007ffc157df000 	C:\Windows\System32\bcryptprimitives.dll
0x00007ffc14e80000 - 0x00007ffc14e8c000 	C:\Windows\SYSTEM32\CRYPTBASE.dll
0x00007ffc14980000 - 0x00007ffc149bb000 	C:\Windows\SYSTEM32\IPHLPAPI.DLL
0x00007ffc17900000 - 0x00007ffc17909000 	C:\Windows\System32\NSI.dll
0x00007ffc0ea50000 - 0x00007ffc0ea67000 	C:\Windows\SYSTEM32\dhcpcsvc6.DLL
0x00007ffc0ea30000 - 0x00007ffc0ea4d000 	C:\Windows\SYSTEM32\dhcpcsvc.DLL
0x00007ffc149c0000 - 0x00007ffc14a8a000 	C:\Windows\SYSTEM32\DNSAPI.dll
0x00007ffc0ead0000 - 0x00007ffc0eadb000 	C:\Windows\SYSTEM32\WINNSI.DLL
0x00007ffc096d0000 - 0x00007ffc096f4000 	D:\install\as4.1.1\jre\jre\bin\sunec.dll
0x00007ffc10e20000 - 0x00007ffc10e2b000 	D:\install\as4.1.1\jre\jre\bin\sunmscapi.dll
0x00007ffc15600000 - 0x00007ffc1575d000 	C:\Windows\System32\CRYPT32.dll
0x00007ffc0adc0000 - 0x00007ffc0adca000 	C:\Windows\System32\rasadhlp.dll
0x00007ffc09810000 - 0x00007ffc0988f000 	C:\Windows\System32\fwpuclnt.dll

VM Arguments:
jvm_args: -Xmx2048m -Dfile.encoding=UTF-8 -Duser.country=CN -Duser.language=zh -Duser.variant 
java_command: org.gradle.launcher.daemon.bootstrap.GradleDaemon 6.8.2
java_class_path (initial): C:\Users\Administrator\.gradle\wrapper\dists\gradle-6.8.2-bin\5nlkemqlnno2amj7d1mfn69bt\gradle-6.8.2\lib\gradle-launcher-6.8.2.jar
Launcher Type: SUN_STANDARD

Environment Variables:
PATH=C:\ProgramData\Oracle\Java\javapath;C:\Program Files (x86)\Common Files\Oracle\Java\javapath;C:\Windows\system32;C:\Windows;C:\Windows\System32\Wbem;C:\Windows\System32\WindowsPowerShell\v1.0\;C:\Windows\System32\OpenSSH\;D:\install\Git\cmd;C:\Program Files\dotnet\;D:\install\Go\bin;D:\install\SDK\platform-tools;D:\install\Node.js\;C:\Program Files\Pandoc\;C:\Program Files (x86)\Windows Kits\8.1\Windows Performance Toolkit\;C:\Program Files\Microsoft SQL Server\110\Tools\Binn\;C:\Users\Administrator\AppData\Local\Programs\Python\Python37-32\Scripts\;C:\Users\Administrator\AppData\Local\Programs\Python\Python37-32\;C:\Users\Administrator\AppData\Local\Microsoft\WindowsApps;C:\Users\Administrator\go\bin;C:\Users\Administrator\AppData\Roaming\npm;D:\install\Microsoft VS Code\bin;D:\install\CLion 2020.3.2\bin;
USERNAME=Administrator
OS=Windows_NT
PROCESSOR_IDENTIFIER=Intel64 Family 6 Model 60 Stepping 3, GenuineIntel



---------------  S Y S T E M  ---------------

OS: Windows 10.0 , 64 bit Build 19041 (10.0.19041.207)

CPU:total 4 (initial active 4) (4 cores per cpu, 1 threads per core) family 6 model 60 stepping 3, cmov, cx8, fxsr, mmx, sse, sse2, sse3, ssse3, sse4.1, sse4.2, popcnt, avx, avx2, aes, clmul, erms, lzcnt, tsc, tscinvbit, bmi1, bmi2

Memory: 4k page, physical 16699404k(6446792k free), swap 32273844k(5676k free)

vm_info: OpenJDK 64-Bit Server VM (25.242-b01) for windows-amd64 JRE (1.8.0_242-release-1644-b01), built by "builder" with MS VC++ 10.0 (VS2010)

time: Tue Mar 02 11:23:51 2021
timezone: 中国标准时间
elapsed time: 1151 seconds (0d 0h 19m 11s)

